INFO    : Building target web
INFO    : PreTeXt source passed schema validation.
INFO    : XSL conversion of /Users/cw/Library/CloudStorage/Dropbox/school/occc/stats-workbook/source/main.ptx by /Users/cw/.ptx/2.20.0/core/xsl/utilities/pretext-enhanced-source.xsl
INFO    : successful application of /Users/cw/.ptx/2.20.0/core/xsl/utilities/pretext-enhanced-source.xsl
INFO    : Generating any needed assets.
INFO    : XSL conversion of /Users/cw/Library/CloudStorage/Dropbox/school/occc/stats-workbook/source/main.ptx by /Users/cw/.ptx/2.20.0/core/xsl/utilities/pretext-enhanced-source.xsl
INFO    : successful application of /Users/cw/.ptx/2.20.0/core/xsl/utilities/pretext-enhanced-source.xsl
INFO    : XSL conversion of /Users/cw/Library/CloudStorage/Dropbox/school/occc/stats-workbook/source/main.ptx by /Users/cw/.ptx/2.20.0/core/xsl/utilities/pretext-enhanced-source.xsl
INFO    : successful application of /Users/cw/.ptx/2.20.0/core/xsl/utilities/pretext-enhanced-source.xsl
INFO    : XSL conversion of /Users/cw/Library/CloudStorage/Dropbox/school/occc/stats-workbook/source/main.ptx by /Users/cw/.ptx/2.20.0/core/xsl/utilities/pretext-enhanced-source.xsl
INFO    : successful application of /Users/cw/.ptx/2.20.0/core/xsl/utilities/pretext-enhanced-source.xsl
INFO    : XSL conversion of /Users/cw/Library/CloudStorage/Dropbox/school/occc/stats-workbook/source/main.ptx by /Users/cw/.ptx/2.20.0/core/xsl/utilities/pretext-enhanced-source.xsl
INFO    : successful application of /Users/cw/.ptx/2.20.0/core/xsl/utilities/pretext-enhanced-source.xsl
INFO    : XSL conversion of /Users/cw/Library/CloudStorage/Dropbox/school/occc/stats-workbook/source/main.ptx by /Users/cw/.ptx/2.20.0/core/xsl/utilities/pretext-enhanced-source.xsl
INFO    : successful application of /Users/cw/.ptx/2.20.0/core/xsl/utilities/pretext-enhanced-source.xsl
INFO    : XSL conversion of /Users/cw/Library/CloudStorage/Dropbox/school/occc/stats-workbook/source/main.ptx by /Users/cw/.ptx/2.20.0/core/xsl/utilities/pretext-enhanced-source.xsl
INFO    : successful application of /Users/cw/.ptx/2.20.0/core/xsl/utilities/pretext-enhanced-source.xsl
INFO    : XSL conversion of /Users/cw/Library/CloudStorage/Dropbox/school/occc/stats-workbook/source/main.ptx by /Users/cw/.ptx/2.20.0/core/xsl/utilities/pretext-enhanced-source.xsl
INFO    : successful application of /Users/cw/.ptx/2.20.0/core/xsl/utilities/pretext-enhanced-source.xsl
INFO    : XSL conversion of /Users/cw/Library/CloudStorage/Dropbox/school/occc/stats-workbook/source/main.ptx by /Users/cw/.ptx/2.20.0/core/xsl/utilities/pretext-enhanced-source.xsl
INFO    : successful application of /Users/cw/.ptx/2.20.0/core/xsl/utilities/pretext-enhanced-source.xsl
INFO    : XSL conversion of /Users/cw/Library/CloudStorage/Dropbox/school/occc/stats-workbook/source/main.ptx by /Users/cw/.ptx/2.20.0/core/xsl/utilities/pretext-enhanced-source.xsl
INFO    : successful application of /Users/cw/.ptx/2.20.0/core/xsl/utilities/pretext-enhanced-source.xsl
INFO    : XSL conversion of /Users/cw/Library/CloudStorage/Dropbox/school/occc/stats-workbook/source/main.ptx by /Users/cw/.ptx/2.20.0/core/xsl/utilities/pretext-enhanced-source.xsl
INFO    : successful application of /Users/cw/.ptx/2.20.0/core/xsl/utilities/pretext-enhanced-source.xsl
INFO    : XSL conversion of /Users/cw/Library/CloudStorage/Dropbox/school/occc/stats-workbook/source/main.ptx by /Users/cw/.ptx/2.20.0/core/xsl/utilities/pretext-enhanced-source.xsl
INFO    : successful application of /Users/cw/.ptx/2.20.0/core/xsl/utilities/pretext-enhanced-source.xsl
INFO    : XSL conversion of /Users/cw/Library/CloudStorage/Dropbox/school/occc/stats-workbook/source/main.ptx by /Users/cw/.ptx/2.20.0/core/xsl/utilities/pretext-enhanced-source.xsl
INFO    : successful application of /Users/cw/.ptx/2.20.0/core/xsl/utilities/pretext-enhanced-source.xsl
INFO    : XSL conversion of /Users/cw/Library/CloudStorage/Dropbox/school/occc/stats-workbook/source/main.ptx by /Users/cw/.ptx/2.20.0/core/xsl/utilities/pretext-enhanced-source.xsl
INFO    : successful application of /Users/cw/.ptx/2.20.0/core/xsl/utilities/pretext-enhanced-source.xsl
INFO    : XSL conversion of /Users/cw/Library/CloudStorage/Dropbox/school/occc/stats-workbook/source/main.ptx by /Users/cw/.ptx/2.20.0/core/xsl/utilities/pretext-enhanced-source.xsl
INFO    : successful application of /Users/cw/.ptx/2.20.0/core/xsl/utilities/pretext-enhanced-source.xsl
INFO    : Finished generating assets.

INFO    : Preparing to build into /Users/cw/Library/CloudStorage/Dropbox/school/occc/stats-workbook/output/web.
INFO    : discovering source file's directory name: /Users/cw/Library/CloudStorage/Dropbox/school/occc/stats-workbook/source
INFO    : verifying and expanding input directory: /Users/cw/Library/CloudStorage/Dropbox/school/occc/stats-workbook/source/../generated-assets
INFO    : input directory expanded to absolute path: /Users/cw/Library/CloudStorage/Dropbox/school/occc/stats-workbook/generated-assets
INFO    : verifying and expanding input directory: /Users/cw/Library/CloudStorage/Dropbox/school/occc/stats-workbook/source/../assets
INFO    : input directory expanded to absolute path: /Users/cw/Library/CloudStorage/Dropbox/school/occc/stats-workbook/assets
INFO    : XSL conversion of /Users/cw/Library/CloudStorage/Dropbox/school/occc/stats-workbook/source/main.ptx by /Users/cw/.ptx/2.20.0/core/xsl/utilities/report-publisher-variables.xsl
INFO    : successful application of /Users/cw/.ptx/2.20.0/core/xsl/utilities/report-publisher-variables.xsl
INFO    : Downloading rs services file from https://runestone.academy/cdn/runestone/latest/webpack_static_imports.xml.
INFO    : Runestone Services via online CDN query: version 8.0.0
INFO    : Downloading Runestone Services, version 8.0.0
INFO    : Extracting Runestone Services from archive file
INFO    : Building custom css theme: theme-default-modern
INFO    : converting /Users/cw/Library/CloudStorage/Dropbox/school/occc/stats-workbook/source/main.ptx to HTML in /var/folders/b3/z07rf29x2fd63th_fjm5pzk80000gn/T/ptx-iat4mnf9
INFO    : XSL conversion of /Users/cw/Library/CloudStorage/Dropbox/school/occc/stats-workbook/source/main.ptx by /Users/cw/.ptx/2.20.0/core/xsl/pretext-html.xsl
INFO    : messages from the log for XSL processing:
ERROR   : * PTX:ERROR: the @xml:id value "hw1-studies-experiments" should be unique, but is authored multiple times.
INFO    : *            Results will be unpredictable, and likely incorrect.  Information on the locations follows:
INFO    : *              located within: "hw1-studies-experiments" (xml:id), "Observational Studies and Experiments" (title)
INFO    : *              located within: "hw1-studies-experiments" (xml:id), "Experiments" (title)
INFO    : * PTX:INFO:   checking ONLY the last TWO YEARS of element deprecations.
Rerun with the string parameter "author.deprecations.all" set to "yes" to check your source against all deprecations.
INFO    : successful application of /Users/cw/.ptx/2.20.0/core/xsl/pretext-html.xsl
WARNING : Failed to map codechat path to xml id; codechat will not work.
INFO    : Removing temporary directory /var/folders/b3/z07rf29x2fd63th_fjm5pzk80000gn/T/ptx-iat4mnf9
INFO    : Removing temporary directory /var/folders/b3/z07rf29x2fd63th_fjm5pzk80000gn/T/ptx-jsq43hby
INFO    : 
Success! Run `pretext view web` to see the results.

INFO    : 
----------------------------------------------------
INFO    : While running pretext, the following errors occurred:

INFO    : (see log messages above or in the 'logs' folder for more information)
INFO    : ----------------------------------------------------
