INFO    : Staging deployment according to strategy default_target
INFO    : Since no target was supplied, we will use "web".

INFO    : Staging latest build located in `/Users/cw/Library/CloudStorage/Dropbox/school/occc/stats-workbook/output/web` at `/Users/cw/Library/CloudStorage/Dropbox/school/occc/stats-workbook/output/stage`.
INFO    : 
INFO    : Preparing to deploy from active `main` git branch.

INFO    : Changes to project source since last commit detected.
INFO    : Committing these changes to local Git repository.

INFO    : Committing your latest build to the `gh-pages` branch.
INFO    : 
INFO    : Attempting to connect to remote repository at `git@github.com:cg2wilson/stats-workbook.git`...
INFO    : 
INFO    : 
INFO    : Latest build successfully pushed to GitHub!

INFO    : 
INFO    : To enable GitHub Pages, visit
INFO    :     https://github.com/cg2wilson/stats-workbook/settings/pages
INFO    : selecting the `gh-pages` branch with the `/ (root)` folder.

INFO    : Visit
INFO    :     https://github.com/cg2wilson/stats-workbook/actions/
INFO    : to check on the status of your GitHub Pages deployment.

INFO    : Your built project will soon be available to the public at:
INFO    :     https://cg2wilson.github.io/stats-workbook/
INFO    : 
