INFO    : Since no target was supplied, we will use "web".

INFO    : Building target web
INFO    : XSL conversion of /Users/cw/Library/CloudStorage/Dropbox/school/occc/stats-workbook/source/main.ptx by /Users/cw/.ptx/2.20.0/core/xsl/utilities/pretext-enhanced-source.xsl
INFO    : messages from the log for XSL processing:
ERROR   : * PTX:ERROR: Table of Contents level not determined
INFO    : successful application of /Users/cw/.ptx/2.20.0/core/xsl/utilities/pretext-enhanced-source.xsl
INFO    : Generating any needed assets.
INFO    : XSL conversion of /Users/cw/Library/CloudStorage/Dropbox/school/occc/stats-workbook/source/main.ptx by /Users/cw/.ptx/2.20.0/core/xsl/utilities/pretext-enhanced-source.xsl
INFO    : messages from the log for XSL processing:
ERROR   : * PTX:ERROR: Table of Contents level not determined
INFO    : successful application of /Users/cw/.ptx/2.20.0/core/xsl/utilities/pretext-enhanced-source.xsl
INFO    : XSL conversion of /Users/cw/Library/CloudStorage/Dropbox/school/occc/stats-workbook/source/main.ptx by /Users/cw/.ptx/2.20.0/core/xsl/utilities/pretext-enhanced-source.xsl
INFO    : messages from the log for XSL processing:
ERROR   : * PTX:ERROR: Table of Contents level not determined
INFO    : successful application of /Users/cw/.ptx/2.20.0/core/xsl/utilities/pretext-enhanced-source.xsl
INFO    : XSL conversion of /Users/cw/Library/CloudStorage/Dropbox/school/occc/stats-workbook/source/main.ptx by /Users/cw/.ptx/2.20.0/core/xsl/utilities/pretext-enhanced-source.xsl
INFO    : messages from the log for XSL processing:
ERROR   : * PTX:ERROR: Table of Contents level not determined
INFO    : successful application of /Users/cw/.ptx/2.20.0/core/xsl/utilities/pretext-enhanced-source.xsl
INFO    : XSL conversion of /Users/cw/Library/CloudStorage/Dropbox/school/occc/stats-workbook/source/main.ptx by /Users/cw/.ptx/2.20.0/core/xsl/utilities/pretext-enhanced-source.xsl
INFO    : messages from the log for XSL processing:
ERROR   : * PTX:ERROR: Table of Contents level not determined
INFO    : successful application of /Users/cw/.ptx/2.20.0/core/xsl/utilities/pretext-enhanced-source.xsl
INFO    : XSL conversion of /Users/cw/Library/CloudStorage/Dropbox/school/occc/stats-workbook/source/main.ptx by /Users/cw/.ptx/2.20.0/core/xsl/utilities/pretext-enhanced-source.xsl
INFO    : messages from the log for XSL processing:
ERROR   : * PTX:ERROR: Table of Contents level not determined
INFO    : successful application of /Users/cw/.ptx/2.20.0/core/xsl/utilities/pretext-enhanced-source.xsl
INFO    : XSL conversion of /Users/cw/Library/CloudStorage/Dropbox/school/occc/stats-workbook/source/main.ptx by /Users/cw/.ptx/2.20.0/core/xsl/utilities/pretext-enhanced-source.xsl
INFO    : messages from the log for XSL processing:
ERROR   : * PTX:ERROR: Table of Contents level not determined
INFO    : successful application of /Users/cw/.ptx/2.20.0/core/xsl/utilities/pretext-enhanced-source.xsl
INFO    : XSL conversion of /Users/cw/Library/CloudStorage/Dropbox/school/occc/stats-workbook/source/main.ptx by /Users/cw/.ptx/2.20.0/core/xsl/utilities/pretext-enhanced-source.xsl
INFO    : messages from the log for XSL processing:
ERROR   : * PTX:ERROR: Table of Contents level not determined
INFO    : successful application of /Users/cw/.ptx/2.20.0/core/xsl/utilities/pretext-enhanced-source.xsl
INFO    : XSL conversion of /Users/cw/Library/CloudStorage/Dropbox/school/occc/stats-workbook/source/main.ptx by /Users/cw/.ptx/2.20.0/core/xsl/utilities/pretext-enhanced-source.xsl
INFO    : messages from the log for XSL processing:
ERROR   : * PTX:ERROR: Table of Contents level not determined
INFO    : successful application of /Users/cw/.ptx/2.20.0/core/xsl/utilities/pretext-enhanced-source.xsl
INFO    : XSL conversion of /Users/cw/Library/CloudStorage/Dropbox/school/occc/stats-workbook/source/main.ptx by /Users/cw/.ptx/2.20.0/core/xsl/utilities/pretext-enhanced-source.xsl
INFO    : messages from the log for XSL processing:
ERROR   : * PTX:ERROR: Table of Contents level not determined
INFO    : successful application of /Users/cw/.ptx/2.20.0/core/xsl/utilities/pretext-enhanced-source.xsl
INFO    : XSL conversion of /Users/cw/Library/CloudStorage/Dropbox/school/occc/stats-workbook/source/main.ptx by /Users/cw/.ptx/2.20.0/core/xsl/utilities/pretext-enhanced-source.xsl
INFO    : messages from the log for XSL processing:
ERROR   : * PTX:ERROR: Table of Contents level not determined
INFO    : successful application of /Users/cw/.ptx/2.20.0/core/xsl/utilities/pretext-enhanced-source.xsl
INFO    : XSL conversion of /Users/cw/Library/CloudStorage/Dropbox/school/occc/stats-workbook/source/main.ptx by /Users/cw/.ptx/2.20.0/core/xsl/utilities/pretext-enhanced-source.xsl
INFO    : messages from the log for XSL processing:
ERROR   : * PTX:ERROR: Table of Contents level not determined
INFO    : successful application of /Users/cw/.ptx/2.20.0/core/xsl/utilities/pretext-enhanced-source.xsl
INFO    : XSL conversion of /Users/cw/Library/CloudStorage/Dropbox/school/occc/stats-workbook/source/main.ptx by /Users/cw/.ptx/2.20.0/core/xsl/utilities/pretext-enhanced-source.xsl
INFO    : messages from the log for XSL processing:
ERROR   : * PTX:ERROR: Table of Contents level not determined
INFO    : successful application of /Users/cw/.ptx/2.20.0/core/xsl/utilities/pretext-enhanced-source.xsl
INFO    : XSL conversion of /Users/cw/Library/CloudStorage/Dropbox/school/occc/stats-workbook/source/main.ptx by /Users/cw/.ptx/2.20.0/core/xsl/utilities/pretext-enhanced-source.xsl
INFO    : messages from the log for XSL processing:
ERROR   : * PTX:ERROR: Table of Contents level not determined
INFO    : successful application of /Users/cw/.ptx/2.20.0/core/xsl/utilities/pretext-enhanced-source.xsl
INFO    : XSL conversion of /Users/cw/Library/CloudStorage/Dropbox/school/occc/stats-workbook/source/main.ptx by /Users/cw/.ptx/2.20.0/core/xsl/utilities/pretext-enhanced-source.xsl
INFO    : messages from the log for XSL processing:
ERROR   : * PTX:ERROR: Table of Contents level not determined
INFO    : successful application of /Users/cw/.ptx/2.20.0/core/xsl/utilities/pretext-enhanced-source.xsl
INFO    : Finished generating assets.

INFO    : Preparing to build into /Users/cw/Library/CloudStorage/Dropbox/school/occc/stats-workbook/output/web.
INFO    : discovering source file's directory name: /Users/cw/Library/CloudStorage/Dropbox/school/occc/stats-workbook/source
INFO    : verifying and expanding input directory: /Users/cw/Library/CloudStorage/Dropbox/school/occc/stats-workbook/source/../generated-assets
INFO    : input directory expanded to absolute path: /Users/cw/Library/CloudStorage/Dropbox/school/occc/stats-workbook/generated-assets
INFO    : verifying and expanding input directory: /Users/cw/Library/CloudStorage/Dropbox/school/occc/stats-workbook/source/../assets
INFO    : input directory expanded to absolute path: /Users/cw/Library/CloudStorage/Dropbox/school/occc/stats-workbook/assets
INFO    : XSL conversion of /Users/cw/Library/CloudStorage/Dropbox/school/occc/stats-workbook/source/main.ptx by /Users/cw/.ptx/2.20.0/core/xsl/utilities/report-publisher-variables.xsl
INFO    : messages from the log for XSL processing:
ERROR   : * PTX:ERROR: Table of Contents level not determined
INFO    : successful application of /Users/cw/.ptx/2.20.0/core/xsl/utilities/report-publisher-variables.xsl
INFO    : Downloading rs services file from https://runestone.academy/cdn/runestone/latest/webpack_static_imports.xml.
INFO    : Runestone Services via online CDN query: version 8.0.0
INFO    : Downloading Runestone Services, version 8.0.0
INFO    : Extracting Runestone Services from archive file
INFO    : Building custom css theme: theme-default-modern
INFO    : converting /Users/cw/Library/CloudStorage/Dropbox/school/occc/stats-workbook/source/main.ptx to HTML in /var/folders/b3/z07rf29x2fd63th_fjm5pzk80000gn/T/ptx-c4ti44xn
INFO    : XSL conversion of /Users/cw/Library/CloudStorage/Dropbox/school/occc/stats-workbook/source/main.ptx by /Users/cw/.ptx/2.20.0/core/xsl/pretext-html.xsl
INFO    : messages from the log for XSL processing:
ERROR   : * PTX:ERROR: Table of Contents level not determined
ERROR   : * PTX:BUG: Level offset undefined for this document type
INFO    : * PTX:INFO:   checking ONLY the last TWO YEARS of element deprecations.
Rerun with the string parameter "author.deprecations.all" set to "yes" to check your source against all deprecations.
ERROR   : * PTX:BUG:   an element ("pretext") does not know its level
INFO    : *              located within: "stats-workbook" (xml:id), "Statistics Workbook" (title)
ERROR   : * PTX:BUG:   an element ("pretext") does not know its level
INFO    : *              located within: "stats-workbook" (xml:id), "Statistics Workbook" (title)
ERROR   : * PTX:BUG:   an element ("pretext") does not know its level
INFO    : *              located within: "stats-workbook" (xml:id), "Statistics Workbook" (title)
ERROR   : * PTX:BUG:   an element ("pretext") does not know its level
INFO    : *              located within: "stats-workbook" (xml:id), "Statistics Workbook" (title)
ERROR   : * PTX:BUG:   an element ("pretext") does not know its level
INFO    : *              located within: "stats-workbook" (xml:id), "Statistics Workbook" (title)
ERROR   : * PTX:BUG:  development bug, new level does not match old level for "chapter"
INFO    : *              located within: "week1" (xml:id), "Week 1" (title)
ERROR   : * PTX:BUG:   an element ("pretext") does not know its level
INFO    : *              located within: "stats-workbook" (xml:id), "Statistics Workbook" (title)
ERROR   : * PTX:BUG:   an element ("pretext") does not know its level
INFO    : *              located within: "stats-workbook" (xml:id), "Statistics Workbook" (title)
ERROR   : * PTX:BUG:   an element ("pretext") does not know its level
INFO    : *              located within: "stats-workbook" (xml:id), "Statistics Workbook" (title)
ERROR   : * PTX:BUG:   an element ("pretext") does not know its level
INFO    : *              located within: "stats-workbook" (xml:id), "Statistics Workbook" (title)
ERROR   : * PTX:BUG:   an element ("pretext") does not know its level
INFO    : *              located within: "stats-workbook" (xml:id), "Statistics Workbook" (title)
ERROR   : * PTX:BUG:   an element ("pretext") does not know its level
INFO    : *              located within: "stats-workbook" (xml:id), "Statistics Workbook" (title)
ERROR   : * PTX:BUG:   an element ("pretext") does not know its level
INFO    : *              located within: "stats-workbook" (xml:id), "Statistics Workbook" (title)
ERROR   : * PTX:BUG:  development bug, new level does not match old level for "section"
INFO    : *              located within: "w1-intro-to-data" (xml:id), "Introduction to Data" (title)
ERROR   : * PTX:BUG:   an element ("pretext") does not know its level
INFO    : *              located within: "stats-workbook" (xml:id), "Statistics Workbook" (title)
ERROR   : * PTX:BUG:   an element ("pretext") does not know its level
INFO    : *              located within: "stats-workbook" (xml:id), "Statistics Workbook" (title)
ERROR   : * PTX:BUG:   an element ("pretext") does not know its level
INFO    : *              located within: "stats-workbook" (xml:id), "Statistics Workbook" (title)
ERROR   : * PTX:BUG:   an element ("pretext") does not know its level
INFO    : *              located within: "stats-workbook" (xml:id), "Statistics Workbook" (title)
ERROR   : * PTX:BUG:   an element ("pretext") does not know its level
INFO    : *              located within: "stats-workbook" (xml:id), "Statistics Workbook" (title)
ERROR   : * PTX:BUG:   an element ("pretext") does not know its level
INFO    : *              located within: "stats-workbook" (xml:id), "Statistics Workbook" (title)
ERROR   : * PTX:BUG:   an element ("pretext") does not know its level
INFO    : *              located within: "stats-workbook" (xml:id), "Statistics Workbook" (title)
ERROR   : * PTX:BUG:   an element ("pretext") does not know its level
INFO    : *              located within: "stats-workbook" (xml:id), "Statistics Workbook" (title)
ERROR   : * PTX:BUG:   an element ("pretext") does not know its level
INFO    : *              located within: "stats-workbook" (xml:id), "Statistics Workbook" (title)
ERROR   : * PTX:BUG:  development bug, new level does not match old level for "subsection"
INFO    : *              located within: "intro-to-data-terminology" (xml:id), "Terminology" (title)
WARNING : * PTX:WARNING:    Your <book> does not have any chapters.  Maybe you forgot the '--xinclude' switch on your 'xsltproc' command line?
ERROR   : * PTX:BUG:   an element ("pretext") does not know its level
INFO    : *              located within: "stats-workbook" (xml:id), "Statistics Workbook" (title)
ERROR   : * PTX:BUG:   an element ("pretext") does not know its level
INFO    : *              located within: "stats-workbook" (xml:id), "Statistics Workbook" (title)
ERROR   : * PTX:BUG:   an element ("pretext") does not know its level
INFO    : *              located within: "stats-workbook" (xml:id), "Statistics Workbook" (title)
ERROR   : * PTX:BUG:   an element ("pretext") does not know its level
INFO    : *              located within: "stats-workbook" (xml:id), "Statistics Workbook" (title)
ERROR   : * PTX:BUG:   an element ("pretext") does not know its level
INFO    : *              located within: "stats-workbook" (xml:id), "Statistics Workbook" (title)
ERROR   : * PTX:BUG:   an element ("pretext") does not know its level
INFO    : *              located within: "stats-workbook" (xml:id), "Statistics Workbook" (title)
ERROR   : * PTX:ERROR: Subtree level for footnote number computation is out-of-bounds (NaN)
ERROR   : * PTX:ERROR: Subtree level for footnote number computation is out-of-bounds (NaN)
ERROR   : * PTX:ERROR: Subtree level for footnote number computation is out-of-bounds (NaN)
ERROR   : * PTX:ERROR: Subtree level for footnote number computation is out-of-bounds (NaN)
INFO    : successful application of /Users/cw/.ptx/2.20.0/core/xsl/pretext-html.xsl
INFO    : Removing temporary directory /var/folders/b3/z07rf29x2fd63th_fjm5pzk80000gn/T/ptx-c4ti44xn
INFO    : Removing temporary directory /var/folders/b3/z07rf29x2fd63th_fjm5pzk80000gn/T/ptx-m7tyh4oq
INFO    : 
Success! Run `pretext view web` to see the results.

INFO    : 
----------------------------------------------------
INFO    : While running pretext, the following errors occurred:

INFO    : (see log messages above or in the 'logs' folder for more information)
INFO    : ----------------------------------------------------
